TN:
SF:src\exploreGensMessages.ts
FN:4,(anonymous_0)
FN:5,(anonymous_1)
FN:6,(anonymous_2)
FN:7,(anonymous_3)
FN:9,(anonymous_4)
FN:10,(anonymous_5)
FN:11,(anonymous_6)
FN:12,(anonymous_7)
FN:13,(anonymous_8)
FN:14,(anonymous_9)
FNF:10
FNH:10
FNDA:2,(anonymous_0)
FNDA:2,(anonymous_1)
FNDA:2,(anonymous_2)
FNDA:29,(anonymous_3)
FNDA:4,(anonymous_4)
FNDA:2,(anonymous_5)
FNDA:6,(anonymous_6)
FNDA:3,(anonymous_7)
FNDA:12,(anonymous_8)
FNDA:6,(anonymous_9)
DA:1,1
DA:4,2
DA:5,2
DA:6,2
DA:7,29
DA:9,4
DA:10,2
DA:11,6
DA:12,3
DA:13,12
DA:14,6
LF:11
LH:11
BRDA:7,0,0,27
BRF:1
BRH:1
end_of_record
TN:
SF:src\exploregens.ts
FN:14,(anonymous_7)
FN:36,(anonymous_8)
FN:43,(anonymous_9)
FN:48,(anonymous_10)
FN:52,(anonymous_11)
FN:56,(anonymous_12)
FN:60,(anonymous_13)
FN:64,(anonymous_14)
FN:68,(anonymous_15)
FN:73,(anonymous_17)
FN:90,(anonymous_19)
FN:94,(anonymous_20)
FN:106,(anonymous_21)
FN:111,(anonymous_23)
FN:123,(anonymous_24)
FN:127,(anonymous_25)
FN:131,(anonymous_27)
FN:133,(anonymous_28)
FN:150,(anonymous_29)
FN:154,(anonymous_30)
FN:163,(anonymous_31)
FN:168,(anonymous_32)
FN:172,(anonymous_33)
FN:176,(anonymous_34)
FN:201,(anonymous_36)
FN:224,(anonymous_38)
FN:248,(anonymous_40)
FN:256,(anonymous_41)
FN:266,(anonymous_42)
FN:270,(anonymous_43)
FN:271,(anonymous_44)
FN:276,(anonymous_45)
FN:277,(anonymous_46)
FNF:33
FNH:33
FNDA:1,(anonymous_7)
FNDA:25,(anonymous_8)
FNDA:1,(anonymous_9)
FNDA:1,(anonymous_10)
FNDA:16,(anonymous_11)
FNDA:4,(anonymous_12)
FNDA:16,(anonymous_13)
FNDA:3,(anonymous_14)
FNDA:1,(anonymous_15)
FNDA:30,(anonymous_17)
FNDA:1,(anonymous_19)
FNDA:25,(anonymous_20)
FNDA:3,(anonymous_21)
FNDA:3,(anonymous_23)
FNDA:31,(anonymous_24)
FNDA:2,(anonymous_25)
FNDA:3,(anonymous_27)
FNDA:3,(anonymous_28)
FNDA:31,(anonymous_29)
FNDA:30,(anonymous_30)
FNDA:1,(anonymous_31)
FNDA:2,(anonymous_32)
FNDA:10,(anonymous_33)
FNDA:2,(anonymous_34)
FNDA:2,(anonymous_36)
FNDA:5,(anonymous_38)
FNDA:9,(anonymous_40)
FNDA:20,(anonymous_41)
FNDA:9,(anonymous_42)
FNDA:9,(anonymous_43)
FNDA:10,(anonymous_44)
FNDA:3,(anonymous_45)
FNDA:1,(anonymous_46)
DA:1,1
DA:4,1
DA:5,1
DA:6,1
DA:7,1
DA:8,1
DA:14,1
DA:15,1
DA:16,1
DA:17,1
DA:18,1
DA:19,1
DA:20,1
DA:23,1
DA:30,25
DA:31,25
DA:32,25
DA:33,25
DA:34,25
DA:37,25
DA:38,25
DA:39,25
DA:40,25
DA:44,1
DA:45,1
DA:49,1
DA:53,16
DA:57,4
DA:61,16
DA:65,3
DA:69,1
DA:70,1
DA:74,30
DA:75,30
DA:76,5
DA:77,5
DA:78,5
DA:79,5
DA:80,4
DA:81,4
DA:82,3
DA:86,26
DA:91,1
DA:95,25
DA:96,25
DA:97,25
DA:98,25
DA:99,25
DA:100,25
DA:101,25
DA:102,25
DA:103,25
DA:107,3
DA:108,3
DA:109,2
DA:110,2
DA:111,3
DA:112,2
DA:113,2
DA:114,1
DA:115,1
DA:117,2
DA:118,2
DA:119,2
DA:124,31
DA:128,2
DA:129,2
DA:131,2
DA:132,3
DA:133,3
DA:134,3
DA:135,3
DA:136,1
DA:138,3
DA:139,3
DA:140,3
DA:141,1
DA:142,1
DA:144,3
DA:147,2
DA:151,31
DA:155,30
DA:156,29
DA:157,29
DA:160,29
DA:164,1
DA:165,1
DA:169,2
DA:173,10
DA:177,2
DA:179,2
DA:180,2
DA:181,2
DA:183,2
DA:184,2
DA:185,2
DA:186,2
DA:187,2
DA:188,1
DA:189,1
DA:190,1
DA:191,1
DA:192,1
DA:194,1
DA:195,1
DA:197,2
DA:202,2
DA:203,2
DA:204,2
DA:205,2
DA:207,2
DA:208,2
DA:209,2
DA:210,2
DA:211,1
DA:212,1
DA:213,1
DA:214,1
DA:215,1
DA:217,1
DA:218,1
DA:220,2
DA:225,5
DA:226,5
DA:227,5
DA:228,5
DA:230,5
DA:231,5
DA:232,5
DA:233,5
DA:234,3
DA:235,3
DA:237,2
DA:238,2
DA:239,1
DA:240,1
DA:242,1
DA:244,5
DA:249,9
DA:250,9
DA:251,9
DA:252,6
DA:257,20
DA:258,20
DA:262,1
DA:267,9
DA:271,9
DA:272,10
DA:277,3
DA:278,1
DA:281,3
LF:151
LH:151
BRDA:14,0,0,1
BRDA:14,0,1,1
BRDA:65,1,0,2
BRDA:65,1,1,1
BRDA:76,2,0,5
BRDA:76,2,1,0
BRDA:79,3,0,4
BRDA:79,3,1,1
BRDA:108,4,0,2
BRDA:108,4,1,1
BRDA:113,5,0,1
BRDA:113,5,1,1
BRDA:134,6,0,2
BRDA:134,6,1,1
BRDA:135,7,0,1
BRDA:135,7,1,2
BRDA:135,8,0,3
BRDA:135,8,1,2
BRDA:140,9,0,1
BRDA:140,9,1,2
BRDA:155,10,0,29
BRDA:155,10,1,1
BRDA:224,11,0,2
BRDA:228,12,0,3
BRDA:228,12,1,2
BRDA:238,13,0,1
BRDA:238,13,1,1
BRDA:251,14,0,6
BRDA:251,14,1,3
BRDA:258,15,0,0
BRDA:258,15,1,20
BRDA:258,16,0,20
BRDA:258,16,1,20
BRF:33
BRH:31
end_of_record
TN:
SF:src\extCommands.ts
FN:9,(anonymous_7)
FN:13,(anonymous_8)
FN:28,(anonymous_9)
FN:32,(anonymous_10)
FN:40,(anonymous_12)
FN:48,(anonymous_14)
FN:52,(anonymous_16)
FN:56,(anonymous_18)
FN:64,(anonymous_20)
FN:80,(anonymous_22)
FN:82,(anonymous_24)
FN:92,(anonymous_25)
FN:94,(anonymous_27)
FNF:13
FNH:13
FNDA:8,(anonymous_7)
FNDA:2,(anonymous_8)
FNDA:10,(anonymous_9)
FNDA:2,(anonymous_10)
FNDA:2,(anonymous_12)
FNDA:2,(anonymous_14)
FNDA:2,(anonymous_16)
FNDA:1,(anonymous_18)
FNDA:8,(anonymous_20)
FNDA:10,(anonymous_22)
FNDA:1,(anonymous_24)
FNDA:3,(anonymous_25)
FNDA:1,(anonymous_27)
DA:1,1
DA:2,1
DA:4,1
DA:10,8
DA:14,2
DA:16,2
DA:18,2
DA:20,2
DA:25,2
DA:29,10
DA:33,2
DA:34,2
DA:36,1
DA:41,2
DA:42,2
DA:44,1
DA:49,2
DA:53,2
DA:57,1
DA:58,1
DA:60,0
DA:65,8
DA:66,3
DA:67,3
DA:74,2
DA:77,6
DA:81,10
DA:82,2
DA:83,1
DA:85,10
DA:86,8
DA:88,2
DA:93,3
DA:94,2
DA:95,1
DA:98,3
LF:36
LH:35
BRDA:65,0,0,3
BRDA:65,0,1,5
BRDA:65,1,0,5
BRDA:65,1,1,3
BRDA:65,2,0,8
BRDA:65,2,1,8
BRDA:65,3,0,1
BRDA:65,3,1,7
BRDA:65,4,0,8
BRDA:65,4,1,8
BRDA:67,5,0,2
BRDA:67,5,1,1
BRDA:80,6,0,7
BRDA:81,7,0,1
BRDA:81,7,1,9
BRDA:85,8,0,8
BRDA:85,8,1,2
BRDA:85,9,0,10
BRDA:85,9,1,7
BRDA:93,10,0,1
BRDA:93,10,1,2
BRF:21
BRH:21
end_of_record
TN:
SF:src\extension.ts
FN:9,activate
FN:16,(anonymous_8)
FN:29,(anonymous_9)
FN:35,(anonymous_11)
FN:41,deactivate
FNF:5
FNH:3
FNDA:2,activate
FNDA:2,(anonymous_8)
FNDA:0,(anonymous_9)
FNDA:0,(anonymous_11)
FNDA:1,deactivate
DA:1,1
DA:2,1
DA:3,1
DA:4,1
DA:5,1
DA:9,1
DA:10,2
DA:12,2
DA:16,2
DA:18,2
DA:19,2
DA:20,1
DA:22,1
DA:23,1
DA:26,1
DA:28,1
DA:30,0
DA:34,1
DA:36,0
DA:41,1
DA:42,1
LF:21
LH:19
BRF:0
BRH:0
end_of_record
TN:
SF:src\filter.ts
FN:3,(anonymous_0)
FN:8,getCategories
FN:11,(anonymous_2)
FN:22,getTypes
FN:29,(anonymous_4)
FN:47,(anonymous_5)
FN:36,(anonymous_6)
FN:43,(anonymous_7)
FNF:8
FNH:8
FNDA:1,(anonymous_0)
FNDA:67,getCategories
FNDA:21,(anonymous_2)
FNDA:67,getTypes
FNDA:8,(anonymous_4)
FNDA:67,(anonymous_5)
FNDA:67,(anonymous_6)
FNDA:76,(anonymous_7)
DA:1,1
DA:3,1
DA:4,1
DA:5,1
DA:9,67
DA:10,67
DA:11,66
DA:12,21
DA:14,66
DA:15,65
DA:19,2
DA:23,67
DA:24,67
DA:25,67
DA:26,29
DA:27,38
DA:29,8
DA:32,67
DA:35,1
DA:37,67
DA:38,67
DA:40,67
DA:44,76
DA:48,67
DA:49,67
LF:25
LH:25
BRDA:3,0,0,1
BRDA:3,0,1,1
BRDA:10,1,0,66
BRDA:10,1,1,1
BRDA:14,2,0,65
BRDA:14,2,1,1
BRDA:25,3,0,29
BRDA:25,3,1,38
BRDA:27,4,0,6
BRDA:27,4,1,32
BRDA:44,5,0,76
BRDA:44,5,1,23
BRF:12
BRH:12
end_of_record
TN:
SF:src\replayUtils.ts
FN:6,(anonymous_0)
FN:61,(anonymous_1)
FN:14,(anonymous_2)
FN:29,(anonymous_3)
FN:30,(anonymous_4)
FN:39,(anonymous_5)
FN:66,(anonymous_6)
FN:75,(anonymous_7)
FN:82,(anonymous_8)
FN:93,(anonymous_9)
FN:105,(anonymous_10)
FN:109,(anonymous_11)
FN:114,(anonymous_12)
FN:122,(anonymous_13)
FN:134,(anonymous_14)
FNF:15
FNH:13
FNDA:1,(anonymous_0)
FNDA:18,(anonymous_1)
FNDA:10,(anonymous_2)
FNDA:36,(anonymous_3)
FNDA:234,(anonymous_4)
FNDA:2,(anonymous_5)
FNDA:20,(anonymous_6)
FNDA:1,(anonymous_7)
FNDA:0,(anonymous_8)
FNDA:1,(anonymous_9)
FNDA:0,(anonymous_10)
FNDA:4,(anonymous_11)
FNDA:5,(anonymous_12)
FNDA:11,(anonymous_13)
FNDA:5,(anonymous_14)
DA:3,1
DA:6,1
DA:7,1
DA:8,1
DA:9,1
DA:12,1
DA:18,10
DA:29,10
DA:30,36
DA:31,234
DA:33,36
DA:36,10
DA:40,2
DA:41,6
DA:42,6
DA:47,6
DA:48,5
DA:49,5
DA:62,18
DA:63,18
DA:67,20
DA:68,20
DA:69,20
DA:70,20
DA:71,20
DA:72,20
DA:76,1
DA:77,1
DA:78,1
DA:79,1
DA:83,0
DA:84,0
DA:85,0
DA:86,0
DA:87,0
DA:88,0
DA:89,0
DA:90,0
DA:94,1
DA:95,1
DA:99,1
DA:102,1
DA:106,0
DA:110,4
DA:111,4
DA:115,5
DA:116,5
DA:117,5
DA:118,0
DA:123,11
DA:124,1
DA:125,1
DA:127,0
DA:130,10
DA:135,5
DA:136,5
LF:56
LH:45
BRDA:6,0,0,1
BRDA:6,0,1,1
BRDA:47,1,0,5
BRDA:47,1,1,1
BRDA:94,2,0,1
BRDA:94,2,1,0
BRDA:117,3,0,0
BRDA:117,3,1,5
BRDA:123,4,0,1
BRDA:123,4,1,10
BRDA:124,5,0,1
BRDA:124,5,1,0
BRF:12
BRH:9
end_of_record
TN:
SF:src\vscode-youi-events.ts
FN:13,(anonymous_7)
FN:17,(anonymous_8)
FN:21,(anonymous_9)
FN:25,(anonymous_10)
FN:29,(anonymous_11)
FN:34,(anonymous_12)
FN:48,(anonymous_13)
FN:57,(anonymous_14)
FN:61,(anonymous_15)
FN:72,(anonymous_16)
FN:77,(anonymous_17)
FN:81,(anonymous_18)
FN:85,(anonymous_19)
FN:89,(anonymous_20)
FN:94,(anonymous_21)
FN:105,(anonymous_22)
FN:116,(anonymous_23)
FN:127,(anonymous_24)
FN:134,(anonymous_25)
FN:139,(anonymous_26)
FN:146,(anonymous_27)
FN:152,(anonymous_28)
FN:152,(anonymous_29)
FN:153,(anonymous_30)
FN:160,(anonymous_31)
FN:166,(anonymous_32)
FN:200,(anonymous_33)
FNF:27
FNH:23
FNDA:26,(anonymous_7)
FNDA:3,(anonymous_8)
FNDA:3,(anonymous_9)
FNDA:3,(anonymous_10)
FNDA:1,(anonymous_11)
FNDA:0,(anonymous_12)
FNDA:26,(anonymous_13)
FNDA:1,(anonymous_14)
FNDA:9,(anonymous_15)
FNDA:1,(anonymous_16)
FNDA:10,(anonymous_17)
FNDA:1,(anonymous_18)
FNDA:3,(anonymous_19)
FNDA:6,(anonymous_20)
FNDA:3,(anonymous_21)
FNDA:9,(anonymous_22)
FNDA:4,(anonymous_23)
FNDA:4,(anonymous_24)
FNDA:1,(anonymous_25)
FNDA:1,(anonymous_26)
FNDA:1,(anonymous_27)
FNDA:0,(anonymous_28)
FNDA:0,(anonymous_29)
FNDA:0,(anonymous_30)
FNDA:9,(anonymous_31)
FNDA:9,(anonymous_32)
FNDA:8,(anonymous_33)
DA:1,1
DA:2,1
DA:7,1
DA:8,1
DA:9,1
DA:10,1
DA:13,26
DA:14,26
DA:18,3
DA:22,3
DA:26,3
DA:30,1
DA:35,0
DA:39,1
DA:49,26
DA:50,26
DA:51,26
DA:52,26
DA:53,26
DA:54,26
DA:58,1
DA:68,9
DA:69,9
DA:73,1
DA:74,1
DA:78,10
DA:82,1
DA:86,3
DA:90,6
DA:91,6
DA:95,3
DA:97,1
DA:99,1
DA:101,1
DA:106,9
DA:107,9
DA:108,9
DA:109,3
DA:112,6
DA:117,4
DA:118,4
DA:119,4
DA:120,4
DA:121,3
DA:123,4
DA:124,4
DA:127,4
DA:128,4
DA:129,1
DA:135,1
DA:136,1
DA:140,1
DA:141,1
DA:142,1
DA:147,1
DA:152,0
DA:153,0
DA:154,0
DA:161,9
DA:162,0
DA:173,9
DA:175,9
DA:176,8
DA:177,7
DA:179,7
DA:180,1
DA:181,6
DA:182,3
DA:183,3
DA:186,3
DA:187,1
DA:188,1
DA:193,8
DA:194,8
DA:197,1
DA:201,8
DA:202,8
DA:203,5
DA:204,1
DA:205,4
DA:206,3
DA:208,1
DA:210,3
DA:211,1
DA:213,8
LF:85
LH:80
BRDA:95,0,0,1
BRDA:95,0,1,1
BRDA:95,0,2,1
BRDA:105,1,0,0
BRDA:108,2,0,3
BRDA:108,2,1,6
BRDA:120,3,0,3
BRDA:120,3,1,1
BRDA:128,4,0,1
BRDA:128,4,1,3
BRDA:140,5,0,1
BRDA:140,5,1,0
BRDA:161,6,0,0
BRDA:161,6,1,9
BRDA:175,7,0,8
BRDA:175,7,1,1
BRDA:176,8,0,7
BRDA:176,8,1,1
BRDA:179,9,0,1
BRDA:179,9,1,6
BRDA:181,10,0,3
BRDA:181,10,1,3
BRDA:186,11,0,1
BRDA:186,11,1,2
BRDA:202,12,0,5
BRDA:202,12,1,3
BRDA:203,13,0,1
BRDA:203,13,1,4
BRDA:205,14,0,3
BRDA:205,14,1,1
BRDA:210,15,0,1
BRDA:210,15,1,2
BRF:32
BRH:29
end_of_record
TN:
SF:src\yeomanui.ts
FN:67,(anonymous_7)
FN:37,(anonymous_8)
FN:107,(anonymous_9)
FN:111,(anonymous_10)
FN:116,(anonymous_12)
FN:130,(anonymous_14)
FN:136,(anonymous_15)
FN:141,(anonymous_16)
FN:151,(anonymous_17)
FN:155,(anonymous_18)
FN:165,(anonymous_19)
FN:175,(anonymous_21)
FN:193,(anonymous_23)
FN:197,(anonymous_24)
FN:253,(anonymous_26)
FN:257,(anonymous_27)
FN:261,(anonymous_28)
FN:266,(anonymous_29)
FN:270,(anonymous_30)
FN:273,(anonymous_31)
FN:275,(anonymous_32)
FN:281,(anonymous_33)
FN:287,(anonymous_34)
FN:294,(anonymous_35)
FN:304,(anonymous_36)
FN:307,(anonymous_38)
FN:326,(anonymous_39)
FN:346,(anonymous_41)
FN:350,(anonymous_42)
FN:354,(anonymous_43)
FN:365,(anonymous_44)
FN:389,(anonymous_46)
FN:394,(anonymous_48)
FN:399,(anonymous_49)
FN:407,(anonymous_50)
FN:412,(anonymous_51)
FN:456,(anonymous_52)
FN:469,(anonymous_53)
FN:470,(anonymous_54)
FN:475,(anonymous_55)
FN:488,(anonymous_56)
FN:491,(anonymous_58)
FN:492,(anonymous_59)
FN:554,(anonymous_60)
FN:577,(anonymous_62)
FN:614,(anonymous_64)
FN:619,(anonymous_65)
FN:620,(anonymous_66)
FN:631,(anonymous_67)
FN:636,(anonymous_68)
FNF:50
FNH:41
FNDA:18,(anonymous_7)
FNDA:502,(anonymous_8)
FNDA:1,(anonymous_9)
FNDA:1,(anonymous_10)
FNDA:8,(anonymous_12)
FNDA:3,(anonymous_14)
FNDA:2,(anonymous_15)
FNDA:2,(anonymous_16)
FNDA:2,(anonymous_17)
FNDA:4,(anonymous_18)
FNDA:17,(anonymous_19)
FNDA:6,(anonymous_21)
FNDA:38,(anonymous_23)
FNDA:2,(anonymous_24)
FNDA:10,(anonymous_26)
FNDA:2,(anonymous_27)
FNDA:4,(anonymous_28)
FNDA:0,(anonymous_29)
FNDA:0,(anonymous_30)
FNDA:4,(anonymous_31)
FNDA:0,(anonymous_32)
FNDA:0,(anonymous_33)
FNDA:0,(anonymous_34)
FNDA:1,(anonymous_35)
FNDA:5,(anonymous_36)
FNDA:3,(anonymous_38)
FNDA:3,(anonymous_39)
FNDA:0,(anonymous_41)
FNDA:1,(anonymous_42)
FNDA:16,(anonymous_43)
FNDA:6,(anonymous_44)
FNDA:1,(anonymous_46)
FNDA:1,(anonymous_48)
FNDA:3,(anonymous_49)
FNDA:6,(anonymous_50)
FNDA:8,(anonymous_51)
FNDA:2,(anonymous_52)
FNDA:3,(anonymous_53)
FNDA:0,(anonymous_54)
FNDA:5,(anonymous_55)
FNDA:16,(anonymous_56)
FNDA:19,(anonymous_58)
FNDA:38,(anonymous_59)
FNDA:38,(anonymous_60)
FNDA:24,(anonymous_62)
FNDA:21,(anonymous_64)
FNDA:0,(anonymous_65)
FNDA:0,(anonymous_66)
FNDA:23,(anonymous_67)
FNDA:1,(anonymous_68)
DA:1,1
DA:2,1
DA:3,1
DA:5,1
DA:6,1
DA:7,1
DA:8,1
DA:9,1
DA:10,1
DA:13,1
DA:15,1
DA:16,1
DA:18,1
DA:19,1
DA:20,1
DA:22,1
DA:25,1
DA:26,1
DA:32,1
DA:33,1
DA:35,1
DA:38,502
DA:55,18
DA:62,18
DA:63,18
DA:64,18
DA:75,18
DA:77,18
DA:78,18
DA:79,18
DA:80,18
DA:81,18
DA:82,18
DA:83,18
DA:87,18
DA:88,18
DA:89,18
DA:90,18
DA:91,18
DA:92,18
DA:93,18
DA:94,18
DA:96,18
DA:97,18
DA:98,18
DA:99,18
DA:100,18
DA:101,18
DA:102,18
DA:103,18
DA:104,18
DA:108,1
DA:112,1
DA:113,1
DA:117,8
DA:118,8
DA:119,6
DA:120,6
DA:121,5
DA:122,2
DA:124,3
DA:131,3
DA:137,2
DA:143,2
DA:144,2
DA:145,2
DA:146,2
DA:148,2
DA:152,2
DA:156,4
DA:157,4
DA:158,4
DA:161,4
DA:162,4
DA:166,17
DA:167,16
DA:169,16
DA:170,16
DA:172,16
DA:176,6
DA:177,6
DA:179,6
DA:180,6
DA:181,78
DA:182,78
DA:183,56
DA:187,1
DA:190,6
DA:194,38
DA:198,2
DA:202,2
DA:203,2
DA:204,2
DA:205,2
DA:207,2
DA:215,2
DA:218,2
DA:219,2
DA:220,0
DA:223,2
DA:224,2
DA:228,2
DA:230,2
DA:232,2
DA:234,2
DA:236,2
DA:237,2
DA:240,2
DA:241,2
DA:244,0
DA:245,0
DA:247,0
DA:249,2
DA:254,10
DA:258,2
DA:262,4
DA:263,4
DA:264,4
DA:265,4
DA:266,1
DA:268,4
DA:269,4
DA:270,4
DA:274,4
DA:275,4
DA:276,0
DA:277,0
DA:278,0
DA:281,4
DA:282,0
DA:286,4
DA:287,4
DA:288,0
DA:289,0
DA:291,4
DA:295,1
DA:296,1
DA:305,5
DA:306,5
DA:307,4
DA:308,3
DA:310,4
DA:311,3
DA:313,3
DA:314,3
DA:320,1
DA:321,1
DA:322,1
DA:327,3
DA:328,3
DA:329,3
DA:331,2
DA:332,2
DA:333,1
DA:334,1
DA:335,1
DA:336,1
DA:338,2
DA:339,2
DA:340,2
DA:342,1
DA:347,0
DA:351,1
DA:355,16
DA:356,16
DA:357,2
DA:360,14
DA:366,6
DA:367,6
DA:369,6
DA:370,1
DA:371,5
DA:372,0
DA:373,0
DA:376,5
DA:378,5
DA:379,5
DA:380,5
DA:381,1
DA:384,4
DA:385,4
DA:386,4
DA:390,1
DA:391,1
DA:395,1
DA:401,3
DA:402,3
DA:403,1
DA:408,6
DA:409,6
DA:413,8
DA:415,8
DA:416,8
DA:417,8
DA:418,5
DA:422,5
DA:425,1
DA:435,3
DA:438,8
DA:440,8
DA:442,8
DA:446,8
DA:447,8
DA:448,8
DA:449,8
DA:450,8
DA:451,8
DA:452,8
DA:453,8
DA:458,2
DA:459,2
DA:460,2
DA:461,2
DA:462,2
DA:463,2
DA:464,2
DA:465,2
DA:470,3
DA:471,0
DA:476,5
DA:477,3
DA:480,2
DA:485,2
DA:490,16
DA:491,19
DA:492,16
DA:493,38
DA:496,16
DA:498,16
DA:499,5
DA:516,5
DA:518,5
DA:534,5
DA:537,16
DA:538,16
DA:549,16
DA:551,16
DA:555,38
DA:556,38
DA:557,38
DA:558,38
DA:559,38
DA:560,38
DA:565,38
DA:566,38
DA:567,38
DA:569,38
DA:570,1
DA:572,38
DA:573,24
DA:580,24
DA:581,24
DA:583,24
DA:584,24
DA:587,24
DA:588,24
DA:589,24
DA:590,24
DA:591,24
DA:592,24
DA:593,24
DA:595,24
DA:615,21
DA:616,21
DA:620,0
DA:621,0
DA:624,0
DA:625,0
DA:627,0
DA:632,23
DA:633,32
DA:634,32
DA:635,32
DA:636,1
DA:637,1
LF:275
LH:256
BRDA:38,0,0,1
BRDA:38,0,1,501
BRDA:116,1,0,0
BRDA:117,2,0,2
BRDA:117,2,1,6
BRDA:117,3,0,8
BRDA:117,3,1,6
BRDA:118,4,0,6
BRDA:118,4,1,2
BRDA:120,5,0,5
BRDA:120,5,1,1
BRDA:120,6,0,6
BRDA:120,6,1,3
BRDA:121,7,0,2
BRDA:121,7,1,3
BRDA:144,8,0,2
BRDA:144,8,1,0
BRDA:157,9,0,4
BRDA:157,9,1,0
BRDA:182,10,0,56
BRDA:182,10,1,22
BRDA:219,11,0,0
BRDA:219,11,1,2
BRDA:237,12,0,2
BRDA:237,12,1,0
BRDA:244,13,0,0
BRDA:244,13,1,0
BRDA:265,14,0,1
BRDA:265,14,1,3
BRDA:286,15,0,4
BRDA:286,15,1,2
BRDA:306,16,0,4
BRDA:306,16,1,1
BRDA:310,17,0,3
BRDA:310,17,1,1
BRDA:314,18,0,2
BRDA:314,18,1,1
BRDA:329,19,0,2
BRDA:329,19,1,1
BRDA:356,20,0,2
BRDA:356,20,1,14
BRDA:360,21,0,2
BRDA:360,21,1,12
BRDA:369,22,0,1
BRDA:369,22,1,5
BRDA:371,23,0,0
BRDA:371,23,1,5
BRDA:380,24,0,1
BRDA:380,24,1,4
BRDA:402,25,0,1
BRDA:402,25,1,2
BRDA:409,26,0,5
BRDA:409,26,1,1
BRDA:417,27,0,5
BRDA:417,27,1,3
BRDA:422,28,0,1
BRDA:422,28,1,4
BRDA:438,29,0,4
BRDA:438,29,1,4
BRDA:442,30,0,7
BRDA:442,30,1,1
BRDA:442,31,0,8
BRDA:442,31,1,2
BRDA:442,31,2,2
BRDA:447,32,0,4
BRDA:447,32,1,4
BRDA:458,33,0,2
BRDA:458,33,1,0
BRDA:475,34,0,0
BRDA:476,35,0,3
BRDA:476,35,1,2
BRDA:498,36,0,5
BRDA:498,36,1,11
BRDA:560,37,0,12
BRDA:560,37,1,26
BRDA:562,38,0,6
BRDA:562,38,1,20
BRDA:566,39,0,38
BRDA:566,39,1,1
BRDA:569,40,0,1
BRDA:569,40,1,37
BRDA:572,41,0,24
BRDA:572,41,1,14
BRDA:572,42,0,38
BRDA:572,42,1,35
BRDA:572,42,2,24
BRDA:590,43,0,23
BRDA:590,43,1,1
BRDA:593,44,0,17
BRDA:593,44,1,7
BRDA:624,45,0,0
BRDA:624,45,1,0
BRDA:635,46,0,1
BRDA:635,46,1,31
BRF:94
BRH:82
end_of_record
TN:
SF:src\panels\YeomanUIPanel.ts
FN:119,(anonymous_7)
FN:23,(anonymous_8)
FN:27,(anonymous_9)
FN:45,(anonymous_10)
FN:49,(anonymous_11)
FN:56,(anonymous_14)
FN:62,(anonymous_15)
FN:65,(anonymous_16)
FN:75,(anonymous_18)
FN:83,(anonymous_20)
FN:127,(anonymous_21)
FN:131,(anonymous_23)
FN:135,(anonymous_25)
FN:163,(anonymous_27)
FN:168,(anonymous_28)
FNF:15
FNH:11
FNDA:23,(anonymous_7)
FNDA:1,(anonymous_8)
FNDA:4,(anonymous_9)
FNDA:0,(anonymous_10)
FNDA:10,(anonymous_11)
FNDA:14,(anonymous_14)
FNDA:0,(anonymous_15)
FNDA:2,(anonymous_16)
FNDA:2,(anonymous_18)
FNDA:0,(anonymous_20)
FNDA:1,(anonymous_21)
FNDA:1,(anonymous_23)
FNDA:4,(anonymous_25)
FNDA:10,(anonymous_27)
FNDA:0,(anonymous_28)
DA:1,1
DA:2,1
DA:3,1
DA:4,1
DA:5,1
DA:6,1
DA:7,1
DA:9,1
DA:10,1
DA:11,1
DA:12,1
DA:13,1
DA:14,1
DA:15,1
DA:16,1
DA:17,1
DA:18,1
DA:20,1
DA:21,1
DA:24,1
DA:28,4
DA:29,4
DA:30,4
DA:31,3
DA:32,1
DA:34,2
DA:35,2
DA:36,1
DA:37,1
DA:38,1
DA:46,0
DA:50,10
DA:51,1
DA:53,10
DA:54,10
DA:55,7
DA:56,14
DA:57,7
DA:58,2
DA:62,10
DA:66,2
DA:67,1
DA:68,1
DA:69,1
DA:76,2
DA:77,2
DA:78,2
DA:79,1
DA:84,0
DA:86,0
DA:87,0
DA:88,0
DA:90,0
DA:91,0
DA:92,0
DA:94,0
DA:96,0
DA:110,0
DA:111,0
DA:120,23
DA:121,23
DA:122,23
DA:123,23
DA:124,23
DA:128,1
DA:132,1
DA:136,4
DA:139,4
DA:140,4
DA:141,2
DA:143,2
DA:145,2
DA:146,2
DA:147,1
DA:151,4
DA:152,4
DA:157,3
DA:159,1
DA:164,10
DA:165,10
DA:169,0
DA:170,0
DA:171,0
LF:83
LH:68
BRDA:24,0,0,0
BRDA:24,0,1,1
BRDA:24,1,0,1
BRDA:24,1,1,1
BRDA:29,2,0,1
BRDA:29,2,1,3
BRDA:29,3,0,4
BRDA:29,3,1,1
BRDA:30,4,0,3
BRDA:30,4,1,1
BRDA:31,5,0,1
BRDA:31,5,1,2
BRDA:35,6,0,1
BRDA:35,6,1,1
BRDA:50,7,0,1
BRDA:50,7,1,9
BRDA:50,8,0,10
BRDA:50,8,1,6
BRDA:53,9,0,3
BRDA:53,9,1,7
BRDA:53,10,0,10
BRDA:53,10,1,10
BRDA:54,11,0,7
BRDA:54,11,1,3
BRDA:57,12,0,2
BRDA:57,12,1,5
BRDA:66,13,0,1
BRDA:66,13,1,1
BRDA:78,14,0,1
BRDA:78,14,1,1
BRDA:140,15,0,2
BRDA:140,15,1,2
BRDA:146,16,0,1
BRDA:146,16,1,1
BRF:34
BRH:33
end_of_record
TN:
SF:src\utils\constants.ts
FN:6,(anonymous_0)
FNF:1
FNH:1
FNDA:1,(anonymous_0)
DA:1,1
DA:2,1
DA:3,1
DA:4,1
DA:7,1
DA:8,1
DA:11,1
LF:7
LH:7
BRDA:7,0,0,1
BRDA:7,0,1,1
BRF:2
BRH:2
end_of_record
TN:
SF:src\utils\generators-installation-progress.ts
FN:21,wait
FN:22,(anonymous_9)
FN:26,waitForGeneratorsInstallation
FN:34,didGeneratorsFinishInstallation
FN:35,(anonymous_13)
FN:38,shouldWaitForGeneratorsInstallation
FN:47,notifyGeneratorsInstallationProgress
FN:55,(anonymous_18)
FNF:8
FNH:8
FNDA:4,wait
FNDA:4,(anonymous_9)
FNDA:4,waitForGeneratorsInstallation
FNDA:11,didGeneratorsFinishInstallation
FNDA:1,(anonymous_13)
FNDA:13,shouldWaitForGeneratorsInstallation
FNDA:5,notifyGeneratorsInstallationProgress
FNDA:1,(anonymous_18)
DA:1,1
DA:3,1
DA:4,1
DA:7,1
DA:22,4
DA:28,4
DA:29,4
DA:30,4
DA:35,11
DA:39,13
DA:47,1
DA:49,5
DA:51,5
DA:53,3
DA:55,3
DA:56,1
DA:59,3
DA:61,3
DA:63,1
DA:67,2
LF:20
LH:20
BRDA:40,0,0,13
BRDA:40,0,1,12
BRDA:40,0,2,11
BRDA:51,1,0,3
BRDA:51,1,1,2
BRDA:61,2,0,1
BRDA:61,2,1,2
BRF:7
BRH:7
end_of_record
TN:
SF:src\utils\promise.ts
FN:14,createFlowPromise
FN:16,(anonymous_1)
FNF:2
FNH:2
FNDA:2,createFlowPromise
FNDA:2,(anonymous_1)
DA:14,1
DA:16,2
DA:17,2
DA:19,2
LF:4
LH:4
BRF:0
BRH:0
end_of_record
TN:
SF:src\utils\workspaceFile.ts
FN:7,(anonymous_0)
FN:21,(anonymous_1)
FN:26,(anonymous_2)
FNF:3
FNH:3
FNDA:3,(anonymous_0)
FNDA:4,(anonymous_1)
FNDA:3,(anonymous_2)
DA:1,1
DA:2,1
DA:3,1
DA:4,1
DA:8,3
DA:9,3
DA:17,3
DA:18,3
DA:22,4
DA:23,4
DA:27,3
DA:29,3
DA:30,3
DA:31,1
DA:34,3
DA:38,1
LF:16
LH:16
BRDA:22,0,0,1
BRDA:22,0,1,3
BRF:2
BRH:2
end_of_record
