TN:
SF:src\components\YOUIBreadcrumbs.vue
FN:41,flush
FN:54,calcIsMore
FNF:2
FNH:2
FNDA:2,flush
FNDA:43,calcIsMore
DA:1,1
DA:2,1
DA:3,1
DA:4,1
DA:5,1
DA:6,1
DA:7,1
DA:8,1
DA:9,1
DA:10,1
DA:11,1
DA:12,1
DA:13,1
DA:14,1
DA:15,1
DA:16,1
DA:17,1
DA:18,1
DA:19,1
DA:20,1
DA:21,1
DA:22,1
DA:23,1
DA:24,1
DA:25,1
DA:26,1
DA:27,1
DA:28,1
DA:29,1
DA:30,1
DA:31,1
DA:32,1
DA:33,1
DA:34,1
DA:35,1
DA:36,1
DA:37,1
DA:38,1
DA:39,1
DA:40,1
DA:41,1
DA:42,2
DA:43,2
DA:44,2
DA:45,2
DA:46,2
DA:47,2
DA:48,1
DA:49,1
DA:50,1
DA:51,1
DA:52,1
DA:53,1
DA:54,1
DA:55,43
DA:56,1
DA:57,1
DA:58,43
DA:59,1
DA:60,1
DA:61,1
DA:62,1
DA:63,1
DA:64,1
DA:65,1
DA:66,1
DA:67,1
DA:68,1
DA:69,1
DA:70,1
DA:71,1
DA:72,1
DA:73,1
DA:74,1
DA:75,1
DA:76,1
DA:77,1
DA:78,1
DA:79,1
DA:80,1
DA:81,1
DA:82,1
DA:83,1
DA:84,1
DA:85,1
DA:86,1
DA:87,1
DA:88,1
DA:89,1
DA:90,1
DA:91,1
DA:92,1
DA:93,1
DA:94,1
DA:95,1
DA:96,1
DA:97,1
DA:98,1
DA:99,1
DA:100,1
DA:101,1
DA:102,1
DA:103,1
DA:104,1
DA:105,1
DA:106,1
DA:107,1
DA:108,1
DA:109,1
LF:109
LH:109
BRDA:41,0,0,2
BRDA:44,1,0,2
BRDA:54,2,0,43
BRDA:55,3,0,1
BRF:4
BRH:4
end_of_record
TN:
SF:src\components\YOUIDone.vue
FNF:0
FNH:0
DA:1,1
DA:2,1
DA:3,1
DA:4,1
DA:5,1
DA:6,1
DA:7,1
DA:8,1
DA:9,1
DA:10,1
DA:11,1
DA:12,1
DA:13,1
DA:14,1
DA:15,1
DA:16,1
DA:17,1
DA:18,1
DA:19,1
DA:20,1
DA:21,1
DA:22,1
DA:23,1
DA:24,1
DA:25,1
DA:26,1
DA:27,1
DA:28,1
DA:29,1
DA:30,1
DA:31,1
DA:32,1
DA:33,1
DA:34,1
DA:35,2
DA:36,1
DA:37,1
DA:38,1
DA:39,2
DA:40,1
DA:41,1
DA:42,0
DA:43,2
DA:44,1
DA:45,1
DA:46,1
DA:47,1
DA:48,1
DA:49,1
DA:50,1
DA:51,1
DA:52,1
DA:53,1
DA:54,1
DA:55,1
LF:55
LH:54
BRDA:34,0,0,2
BRDA:35,1,0,1
BRDA:35,2,0,0
BRDA:35,3,0,1
BRDA:38,4,0,2
BRDA:40,5,0,1
BRDA:42,6,0,0
BRDA:43,7,0,1
BRF:8
BRH:6
end_of_record
TN:
SF:src\components\YOUIHeader.vue
FN:56,collapseOutput
FN:61,openExploreGenerators
FNF:2
FNH:2
FNDA:1,collapseOutput
FNDA:1,openExploreGenerators
DA:1,1
DA:2,1
DA:3,1
DA:4,1
DA:5,1
DA:6,1
DA:7,1
DA:8,1
DA:9,1
DA:10,1
DA:11,1
DA:12,1
DA:13,1
DA:14,1
DA:15,1
DA:16,1
DA:17,1
DA:18,1
DA:19,1
DA:20,1
DA:21,1
DA:22,1
DA:23,1
DA:24,1
DA:25,1
DA:26,1
DA:27,1
DA:28,1
DA:29,1
DA:30,1
DA:31,1
DA:32,1
DA:33,1
DA:34,1
DA:35,1
DA:36,1
DA:37,1
DA:38,1
DA:39,1
DA:40,1
DA:41,1
DA:42,1
DA:43,1
DA:44,1
DA:45,1
DA:46,1
DA:47,1
DA:48,1
DA:49,1
DA:50,1
DA:51,1
DA:52,1
DA:53,1
DA:54,1
DA:55,1
DA:56,1
DA:57,1
DA:58,1
DA:59,1
DA:60,1
DA:61,1
DA:62,1
DA:63,1
DA:64,1
DA:65,1
DA:66,1
DA:67,1
DA:68,1
DA:69,1
DA:70,1
DA:71,1
DA:72,1
DA:73,1
DA:74,1
DA:75,1
DA:76,1
DA:77,1
DA:78,1
DA:79,1
DA:80,1
DA:81,1
DA:82,1
DA:83,1
DA:84,1
DA:85,1
DA:86,1
DA:87,1
DA:88,1
DA:89,1
DA:90,1
DA:91,1
DA:92,1
DA:93,1
LF:93
LH:93
BRDA:56,0,0,1
BRDA:61,1,0,1
BRF:2
BRH:2
end_of_record
TN:
SF:src\components\YOUIInfo.vue
FNF:0
FNH:0
DA:1,1
DA:2,1
DA:3,1
DA:4,1
DA:5,1
DA:6,1
DA:7,1
DA:8,1
DA:9,1
DA:10,1
DA:11,1
DA:12,1
DA:13,1
DA:14,1
DA:15,1
DA:16,1
DA:17,1
DA:18,1
DA:19,1
DA:20,1
DA:21,1
DA:22,1
DA:23,1
DA:24,1
DA:25,1
DA:26,1
DA:27,1
DA:28,1
DA:29,1
DA:30,1
DA:31,1
DA:32,1
DA:33,1
DA:34,1
DA:35,1
DA:36,1
DA:37,1
DA:38,1
DA:39,1
DA:40,1
LF:40
LH:40
BRF:0
BRH:0
end_of_record
TN:
SF:src\components\YOUINavigation.vue
FN:69,getStepClass
FN:74,gotoStep
FNF:2
FNH:2
FNDA:58,getStepClass
FNDA:2,gotoStep
DA:1,1
DA:2,1
DA:3,1
DA:4,1
DA:5,1
DA:6,1
DA:7,1
DA:8,1
DA:9,1
DA:10,1
DA:11,1
DA:12,1
DA:13,1
DA:14,1
DA:15,1
DA:16,1
DA:17,1
DA:18,1
DA:19,1
DA:20,1
DA:21,1
DA:22,1
DA:23,1
DA:24,1
DA:25,1
DA:26,1
DA:27,1
DA:28,1
DA:29,1
DA:30,1
DA:31,1
DA:32,1
DA:33,1
DA:34,1
DA:35,1
DA:36,1
DA:37,1
DA:38,1
DA:39,1
DA:40,1
DA:41,1
DA:42,1
DA:43,1
DA:44,1
DA:45,1
DA:46,1
DA:47,1
DA:48,1
DA:49,1
DA:50,1
DA:51,1
DA:52,1
DA:53,24
DA:54,1
DA:55,1
DA:56,1
DA:57,25
DA:58,1
DA:59,1
DA:60,1
DA:61,38
DA:62,3
DA:63,3
DA:64,3
DA:65,3
DA:66,3
DA:67,1
DA:68,1
DA:69,1
DA:70,58
DA:71,58
DA:72,58
DA:73,1
DA:74,1
DA:75,2
DA:76,2
DA:77,1
DA:78,1
DA:79,1
DA:80,1
DA:81,1
DA:82,1
DA:83,1
DA:84,1
DA:85,1
DA:86,1
DA:87,1
DA:88,1
DA:89,1
DA:90,1
DA:91,1
DA:92,1
DA:93,1
DA:94,1
DA:95,1
DA:96,1
DA:97,1
DA:98,1
DA:99,1
DA:100,1
DA:101,1
DA:102,1
DA:103,1
DA:104,1
DA:105,1
DA:106,1
DA:107,1
DA:108,1
DA:109,1
DA:110,1
DA:111,1
DA:112,1
DA:113,1
DA:114,1
DA:115,1
DA:116,1
DA:117,1
DA:118,1
DA:119,1
DA:120,1
DA:121,1
DA:122,1
DA:123,1
DA:124,1
DA:125,1
DA:126,1
DA:127,1
DA:128,1
DA:129,1
DA:130,1
DA:131,1
DA:132,1
DA:133,1
DA:134,1
DA:135,1
DA:136,1
DA:137,1
DA:138,1
DA:139,1
DA:140,1
DA:141,1
DA:142,1
DA:143,1
DA:144,1
DA:145,1
DA:146,1
DA:147,1
DA:148,1
DA:149,1
DA:150,1
DA:151,1
DA:152,1
DA:153,1
DA:154,1
DA:155,1
DA:156,1
DA:157,1
DA:158,1
DA:159,1
DA:160,1
DA:161,1
DA:162,1
DA:163,1
DA:164,1
DA:165,1
DA:166,1
DA:167,1
DA:168,1
DA:169,1
DA:170,1
DA:171,1
DA:172,1
DA:173,1
DA:174,1
DA:175,1
DA:176,1
DA:177,1
DA:178,1
DA:179,1
DA:180,1
DA:181,1
DA:182,1
DA:183,1
DA:184,1
DA:185,1
DA:186,1
DA:187,1
DA:188,1
LF:188
LH:188
BRDA:52,0,0,24
BRDA:56,1,0,25
BRDA:60,2,0,38
BRDA:61,3,0,32
BRDA:61,4,0,11
BRDA:61,5,0,3
BRDA:69,6,0,58
BRDA:74,7,0,2
BRDA:76,8,0,1
BRF:9
BRH:9
end_of_record
TN:
SF:src\components\YOUIPromptInfo.vue
FNF:0
FNH:0
DA:1,1
DA:2,1
DA:3,1
DA:4,1
DA:5,1
DA:6,1
DA:7,1
DA:8,1
DA:9,1
DA:10,1
DA:11,1
DA:12,1
DA:13,1
DA:14,1
DA:15,1
DA:16,1
DA:17,1
DA:18,1
DA:19,1
DA:20,1
DA:21,1
DA:22,1
DA:23,1
DA:24,1
DA:25,1
DA:26,1
DA:27,1
DA:28,1
DA:29,1
DA:30,1
LF:30
LH:30
BRF:0
BRH:0
end_of_record
TN:
SF:src\utils\answerUtils.js
FN:9,getTextsForChoices
FN:25,getTextForAnswer
FN:54,getLabelsForAnswers
FNF:3
FNH:3
FNDA:9,getTextsForChoices
FNDA:15,getTextForAnswer
FNDA:18,getLabelsForAnswers
DA:1,1
DA:2,1
DA:3,1
DA:4,1
DA:5,1
DA:6,1
DA:7,1
DA:8,1
DA:9,9
DA:10,9
DA:11,17
DA:12,17
DA:13,17
DA:14,9
DA:15,9
DA:16,9
DA:17,6
DA:18,6
DA:19,9
DA:20,9
DA:21,1
DA:22,1
DA:23,1
DA:24,1
DA:25,15
DA:26,15
DA:27,7
DA:28,7
DA:29,7
DA:30,7
DA:31,1
DA:32,1
DA:33,7
DA:34,7
DA:35,9
DA:36,7
DA:37,7
DA:38,7
DA:39,7
DA:40,8
DA:41,15
DA:42,2
DA:43,2
DA:44,6
DA:45,6
DA:46,6
DA:47,1
DA:48,1
DA:49,1
DA:50,1
DA:51,1
DA:52,1
DA:53,1
DA:54,1
DA:55,18
DA:56,18
DA:57,18
DA:58,37
DA:59,37
DA:60,37
DA:61,37
DA:62,15
DA:63,15
DA:64,15
DA:65,4
DA:66,11
DA:67,10
DA:68,15
DA:69,15
DA:70,15
DA:71,15
DA:72,18
DA:73,18
DA:74,1
DA:75,1
DA:76,18
DA:77,18
DA:78,1
LF:78
LH:78
BRDA:9,0,0,9
BRDA:16,1,0,6
BRDA:18,2,0,3
BRDA:19,3,0,0
BRDA:10,4,0,17
BRDA:12,5,0,10
BRDA:12,6,0,7
BRDA:25,7,0,15
BRDA:26,8,0,7
BRDA:30,9,0,1
BRDA:38,10,0,6
BRDA:38,11,0,1
BRDA:39,12,0,8
BRDA:41,13,0,2
BRDA:41,14,0,2
BRDA:42,15,0,1
BRDA:42,16,0,1
BRDA:43,17,0,6
BRDA:34,18,0,9
BRDA:54,19,0,18
BRDA:73,20,0,1
BRDA:57,21,0,37
BRDA:58,22,0,17
BRDA:61,23,0,33
BRDA:61,24,0,32
BRDA:61,25,0,16
BRDA:61,26,0,15
BRDA:65,27,0,4
BRDA:66,28,0,11
BRDA:66,29,0,10
BRDA:68,30,0,1
BRF:31
BRH:30
end_of_record
TN:
SF:src\youi\App.vue
FN:133,initialState
FN:184,default
FN:187,data
FN:191,backButtonText
FN:197,nextButtonText
FN:211,isLoadingColor
FN:216,headerTitle
FN:224,currentPrompt
FN:227,isNoGenerators
FN:242,handler
FN:248,handler
FN:253,handler
FN:258,created
FN:261,mounted
FN:267,showPromptMessage
FN:282,resetPromptMessage
FN:295,setBusyIndicator
FN:314,executeCommand
FN:322,back
FN:325,gotoStep
FN:346,setHeaderTitle
FN:350,setGenInWriting
FN:357,getInProgressStepName
FN:360,next
FN:386,onAnswered
FN:406,isToolsSuiteType
FN:422,selectGeneratorPromptExists
FN:434,setPromptList
FN:464,setPrompts
FN:476,prepQuestions
FN:485,question.<computed>
FN:510,updateGeneratorsPrompt
FN:517,isGeneratorsPrompt
FN:521,showPrompt
FN:554,createPrompt
FN:577,log
FN:581,generatorInstall
FN:588,generatorDone
FN:595,runGenerator
FN:598,isInVsCode
FN:601,getVsCodeApi
FN:611,setupRpc
FN:619,ws.onopen
FN:625,initRpc
FN:649,setMessagesAndSaveState
FN:658,displayGeneratorsPrompt
FN:662,toggleConsole
FN:665,registerPlugin
FN:671,init
FN:682,reload
FNF:50
FNH:49
FNDA:72,initialState
FNDA:68,default
FNDA:69,data
FNDA:16,backButtonText
FNDA:18,nextButtonText
FNDA:32,isLoadingColor
FNDA:18,headerTitle
FNDA:125,currentPrompt
FNDA:53,isNoGenerators
FNDA:70,handler
FNDA:16,handler
FNDA:3,handler
FNDA:69,created
FNDA:69,mounted
FNDA:6,showPromptMessage
FNDA:1,resetPromptMessage
FNDA:94,setBusyIndicator
FNDA:2,executeCommand
FNDA:2,back
FNDA:5,gotoStep
FNDA:1,setHeaderTitle
FNDA:3,setGenInWriting
FNDA:4,getInProgressStepName
FNDA:4,next
FNDA:34,onAnswered
FNDA:3,isToolsSuiteType
FNDA:65,selectGeneratorPromptExists
FNDA:6,setPromptList
FNDA:7,setPrompts
FNDA:6,prepQuestions
FNDA:14,question.<computed>
FNDA:2,updateGeneratorsPrompt
FNDA:19,isGeneratorsPrompt
FNDA:5,showPrompt
FNDA:9,createPrompt
FNDA:1,log
FNDA:1,generatorInstall
FNDA:1,generatorDone
FNDA:1,runGenerator
FNDA:161,isInVsCode
FNDA:5,getVsCodeApi
FNDA:69,setupRpc
FNDA:0,ws.onopen
FNDA:1,initRpc
FNDA:6,setMessagesAndSaveState
FNDA:4,displayGeneratorsPrompt
FNDA:2,toggleConsole
FNDA:3,registerPlugin
FNDA:73,init
FNDA:3,reload
DA:1,1
DA:2,1
DA:3,1
DA:4,1
DA:5,1
DA:6,1
DA:7,1
DA:8,1
DA:9,1
DA:10,1
DA:11,1
DA:12,1
DA:13,1
DA:14,1
DA:15,1
DA:16,1
DA:17,1
DA:18,1
DA:19,1
DA:20,1
DA:21,1
DA:22,1
DA:23,1
DA:24,1
DA:25,1
DA:26,1
DA:27,1
DA:28,1
DA:29,1
DA:30,1
DA:31,1
DA:32,1
DA:33,1
DA:34,1
DA:35,1
DA:36,1
DA:37,1
DA:38,1
DA:39,1
DA:40,1
DA:41,1
DA:42,1
DA:43,1
DA:44,1
DA:45,1
DA:46,1
DA:47,1
DA:48,1
DA:49,1
DA:50,1
DA:51,1
DA:52,1
DA:53,1
DA:54,1
DA:55,1
DA:56,1
DA:57,1
DA:58,1
DA:59,1
DA:60,1
DA:61,1
DA:62,1
DA:63,1
DA:64,1
DA:65,1
DA:66,1
DA:67,1
DA:68,1
DA:69,1
DA:70,1
DA:71,1
DA:72,1
DA:73,1
DA:74,1
DA:75,1
DA:76,1
DA:77,1
DA:78,1
DA:79,1
DA:80,1
DA:81,1
DA:82,1
DA:83,1
DA:84,1
DA:85,1
DA:86,1
DA:87,1
DA:88,1
DA:89,1
DA:90,1
DA:91,1
DA:92,1
DA:93,1
DA:94,1
DA:95,1
DA:96,1
DA:97,1
DA:98,1
DA:99,1
DA:100,1
DA:101,1
DA:102,1
DA:103,1
DA:104,1
DA:105,1
DA:106,1
DA:107,1
DA:108,1
DA:109,1
DA:110,1
DA:111,1
DA:112,1
DA:113,1
DA:114,1
DA:115,1
DA:116,1
DA:117,1
DA:118,1
DA:119,1
DA:120,1
DA:121,1
DA:122,1
DA:123,1
DA:124,1
DA:125,1
DA:126,1
DA:127,1
DA:128,1
DA:129,1
DA:130,1
DA:131,1
DA:132,1
DA:133,72
DA:134,72
DA:135,72
DA:136,72
DA:137,72
DA:138,72
DA:139,72
DA:140,72
DA:141,72
DA:142,72
DA:143,72
DA:144,72
DA:145,72
DA:146,72
DA:147,72
DA:148,72
DA:149,72
DA:150,72
DA:151,72
DA:152,72
DA:153,72
DA:154,72
DA:155,72
DA:156,72
DA:157,72
DA:158,72
DA:159,72
DA:160,72
DA:161,72
DA:162,72
DA:163,72
DA:164,72
DA:165,72
DA:166,72
DA:167,72
DA:168,72
DA:169,72
DA:170,1
DA:171,1
DA:172,1
DA:173,1
DA:174,1
DA:175,1
DA:176,1
DA:177,1
DA:178,1
DA:179,1
DA:180,1
DA:181,1
DA:182,1
DA:183,1
DA:184,1
DA:185,1
DA:186,1
DA:187,1
DA:188,69
DA:189,1
DA:190,1
DA:191,1
DA:192,16
DA:193,1
DA:194,1
DA:195,15
DA:196,1
DA:197,1
DA:198,18
DA:199,18
DA:200,16
DA:201,16
DA:202,18
DA:203,16
DA:204,18
DA:205,3
DA:206,18
DA:207,2
DA:208,2
DA:209,13
DA:210,1
DA:211,1
DA:212,32
DA:213,32
DA:214,32
DA:215,1
DA:216,1
DA:217,18
DA:218,18
DA:219,1
DA:220,1
DA:221,18
DA:222,18
DA:223,1
DA:224,1
DA:225,125
DA:226,1
DA:227,1
DA:228,53
DA:229,53
DA:230,53
DA:231,3
DA:232,3
DA:233,5
DA:234,3
DA:235,3
DA:236,3
DA:237,50
DA:238,50
DA:239,1
DA:240,1
DA:241,1
DA:242,1
DA:243,70
DA:244,1
DA:245,1
DA:246,1
DA:247,1
DA:248,1
DA:249,16
DA:250,16
DA:251,1
DA:252,1
DA:253,1
DA:254,3
DA:255,3
DA:256,1
DA:257,1
DA:258,1
DA:259,69
DA:260,1
DA:261,1
DA:262,69
DA:263,69
DA:264,69
DA:265,1
DA:266,1
DA:267,1
DA:268,6
DA:269,6
DA:270,6
DA:271,6
DA:272,6
DA:273,6
DA:274,6
DA:275,1
DA:276,6
DA:277,3
DA:278,5
DA:279,1
DA:280,1
DA:281,1
DA:282,1
DA:283,1
DA:284,1
DA:285,1
DA:286,1
DA:287,1
DA:288,1
DA:289,1
DA:290,1
DA:291,1
DA:292,1
DA:293,1
DA:294,1
DA:295,1
DA:296,94
DA:297,94
DA:298,94
DA:299,87
DA:300,87
DA:301,87
DA:302,94
DA:303,94
DA:304,94
DA:305,36
DA:306,33
DA:307,25
DA:308,25
DA:309,36
DA:310,94
DA:311,58
DA:312,58
DA:313,1
DA:314,1
DA:315,2
DA:316,2
DA:317,1
DA:318,1
DA:319,1
DA:320,2
DA:321,1
DA:322,1
DA:323,2
DA:324,1
DA:325,1
DA:326,5
DA:327,5
DA:328,5
DA:329,5
DA:330,5
DA:331,5
DA:332,5
DA:333,5
DA:334,2
DA:335,2
DA:336,2
DA:337,2
DA:338,2
DA:339,3
DA:340,3
DA:341,5
DA:342,1
DA:343,1
DA:344,1
DA:345,1
DA:346,1
DA:347,1
DA:348,1
DA:349,1
DA:350,1
DA:351,3
DA:352,3
DA:353,3
DA:354,2
DA:355,2
DA:356,1
DA:357,1
DA:358,4
DA:359,1
DA:360,1
DA:361,4
DA:362,1
DA:363,1
DA:364,3
DA:365,3
DA:366,3
DA:367,3
DA:368,3
DA:369,0
DA:370,3
DA:371,4
DA:372,4
DA:373,4
DA:374,2
DA:375,2
DA:376,2
DA:377,2
DA:378,2
DA:379,2
DA:380,2
DA:381,3
DA:382,3
DA:383,3
DA:384,3
DA:385,1
DA:386,1
DA:387,34
DA:388,34
DA:389,17
DA:390,17
DA:391,17
DA:392,17
DA:393,17
DA:394,17
DA:395,17
DA:396,17
DA:397,17
DA:398,17
DA:399,3
DA:400,3
DA:401,17
DA:402,2
DA:403,2
DA:404,17
DA:405,1
DA:406,1
DA:407,3
DA:408,3
DA:409,3
DA:410,3
DA:411,3
DA:412,2
DA:413,2
DA:414,2
DA:415,2
DA:416,2
DA:417,2
DA:418,2
DA:419,2
DA:420,1
DA:421,1
DA:422,1
DA:423,65
DA:424,65
DA:425,65
DA:426,65
DA:427,65
DA:428,65
DA:429,12
DA:430,65
DA:431,65
DA:432,65
DA:433,1
DA:434,1
DA:435,6
DA:436,6
DA:437,1
DA:438,1
DA:439,1
DA:440,1
DA:441,6
DA:442,6
DA:443,6
DA:444,6
DA:445,6
DA:446,6
DA:447,6
DA:448,1
DA:449,1
DA:450,6
DA:451,6
DA:452,6
DA:453,6
DA:454,6
DA:455,6
DA:456,1
DA:457,6
DA:458,5
DA:459,5
DA:460,5
DA:461,6
DA:462,6
DA:463,1
DA:464,1
DA:465,7
DA:466,7
DA:467,7
DA:468,7
DA:469,7
DA:470,6
DA:471,6
DA:472,6
DA:473,7
DA:474,7
DA:475,1
DA:476,1
DA:477,6
DA:478,1
DA:479,1
DA:480,6
DA:481,6
DA:482,18
DA:483,34
DA:484,14
DA:485,14
DA:486,14
DA:487,13
DA:488,13
DA:489,14
DA:490,14
DA:491,14
DA:492,14
DA:493,14
DA:494,14
DA:495,14
DA:496,14
DA:497,1
DA:498,1
DA:499,1
DA:500,14
DA:501,14
DA:502,34
DA:503,18
DA:504,6
DA:505,6
DA:506,1
DA:507,1
DA:508,1
DA:509,1
DA:510,1
DA:511,2
DA:512,2
DA:513,1
DA:514,1
DA:515,1
DA:516,1
DA:517,1
DA:518,19
DA:519,1
DA:520,1
DA:521,1
DA:522,5
DA:523,5
DA:524,5
DA:525,1
DA:526,1
DA:527,1
DA:528,5
DA:529,5
DA:530,5
DA:531,1
DA:532,1
DA:533,5
DA:534,5
DA:535,1
DA:536,1
DA:537,1
DA:538,1
DA:539,1
DA:540,5
DA:541,5
DA:542,5
DA:543,5
DA:544,5
DA:545,5
DA:546,1
DA:547,1
DA:548,1
DA:549,0
DA:550,0
DA:551,5
DA:552,5
DA:553,1
DA:554,1
DA:555,9
DA:556,9
DA:557,9
DA:558,1
DA:559,1
DA:560,9
DA:561,8
DA:562,8
DA:563,8
DA:564,8
DA:565,8
DA:566,9
DA:567,9
DA:568,9
DA:569,9
DA:570,9
DA:571,9
DA:572,9
DA:573,9
DA:574,9
DA:575,9
DA:576,1
DA:577,1
DA:578,1
DA:579,1
DA:580,1
DA:581,1
DA:582,1
DA:583,1
DA:584,1
DA:585,1
DA:586,1
DA:587,1
DA:588,1
DA:589,1
DA:590,1
DA:591,1
DA:592,1
DA:593,1
DA:594,1
DA:595,1
DA:596,1
DA:597,1
DA:598,1
DA:599,161
DA:600,1
DA:601,1
DA:602,5
DA:603,0
DA:604,0
DA:605,0
DA:606,0
DA:607,0
DA:608,0
DA:609,0
DA:610,1
DA:611,1
DA:612,69
DA:613,69
DA:614,0
DA:615,0
DA:616,69
DA:617,69
DA:618,69
DA:619,69
DA:620,0
DA:621,0
DA:622,69
DA:623,69
DA:624,1
DA:625,1
DA:626,1
DA:627,1
DA:628,1
DA:629,1
DA:630,1
DA:631,1
DA:632,1
DA:633,1
DA:634,1
DA:635,1
DA:636,1
DA:637,1
DA:638,1
DA:639,1
DA:640,11
DA:641,11
DA:642,11
DA:643,11
DA:644,11
DA:645,1
DA:646,1
DA:647,1
DA:648,1
DA:649,1
DA:650,6
DA:651,6
DA:652,6
DA:653,6
DA:654,6
DA:655,1
DA:656,1
DA:657,1
DA:658,1
DA:659,4
DA:660,4
DA:661,1
DA:662,1
DA:663,2
DA:664,1
DA:665,1
DA:666,3
DA:667,3
DA:668,3
DA:669,3
DA:670,1
DA:671,1
DA:672,73
DA:673,73
DA:674,73
DA:675,73
DA:676,3
DA:677,73
DA:678,73
DA:679,73
DA:680,73
DA:681,1
DA:682,1
DA:683,3
DA:684,3
DA:685,3
DA:686,3
DA:687,3
DA:688,3
DA:689,3
DA:690,1
DA:691,1
DA:692,1
DA:693,1
DA:694,1
DA:695,1
DA:696,1
DA:697,1
DA:698,1
DA:699,1
DA:700,1
DA:701,1
DA:702,1
DA:703,1
DA:704,1
DA:705,1
DA:706,1
DA:707,1
DA:708,1
DA:709,1
DA:710,1
DA:711,1
DA:712,1
DA:713,1
DA:714,1
DA:715,1
DA:716,1
DA:717,1
DA:718,1
DA:719,1
DA:720,1
DA:721,1
DA:722,1
DA:723,1
DA:724,1
DA:725,1
DA:726,1
DA:727,1
DA:728,1
DA:729,1
DA:730,1
DA:731,1
DA:732,1
DA:733,1
DA:734,1
DA:735,1
DA:736,1
DA:737,1
DA:738,1
DA:739,1
DA:740,1
DA:741,1
DA:742,1
DA:743,1
DA:744,1
DA:745,1
DA:746,1
DA:747,1
DA:748,1
DA:749,1
DA:750,1
DA:751,1
DA:752,1
DA:753,1
DA:754,1
DA:755,1
DA:756,1
DA:757,1
DA:758,1
DA:759,1
DA:760,1
DA:761,1
DA:762,1
DA:763,1
DA:764,1
DA:765,1
DA:766,1
DA:767,1
DA:768,1
DA:769,1
DA:770,1
DA:771,1
DA:772,1
DA:773,1
DA:774,1
DA:775,1
DA:776,1
DA:777,1
DA:778,1
DA:779,1
DA:780,1
DA:781,1
DA:782,1
DA:783,1
DA:784,1
LF:784
LH:770
BRDA:133,0,0,72
BRDA:184,1,0,68
BRDA:187,2,0,69
BRDA:191,3,0,16
BRDA:192,4,0,3
BRDA:192,5,0,1
BRDA:194,6,0,15
BRDA:197,7,0,18
BRDA:199,8,0,16
BRDA:199,9,0,16
BRDA:200,10,0,2
BRDA:201,11,0,0
BRDA:202,12,0,16
BRDA:204,13,0,3
BRDA:206,14,0,15
BRDA:206,15,0,2
BRDA:208,16,0,13
BRDA:211,17,0,32
BRDA:216,18,0,18
BRDA:218,19,0,1
BRDA:220,20,0,17
BRDA:221,21,0,16
BRDA:221,22,0,1
BRDA:224,23,0,125
BRDA:227,24,0,53
BRDA:230,25,0,8
BRDA:230,26,0,3
BRDA:236,27,0,50
BRDA:232,28,0,5
BRDA:242,29,0,70
BRDA:248,30,0,16
BRDA:253,31,0,3
BRDA:258,32,0,69
BRDA:261,33,0,69
BRDA:267,34,0,6
BRDA:270,35,0,5
BRDA:270,36,0,1
BRDA:274,37,0,1
BRDA:276,38,0,5
BRDA:276,39,0,3
BRDA:278,40,0,2
BRDA:278,41,0,1
BRDA:282,42,0,1
BRDA:295,43,0,94
BRDA:297,44,0,93
BRDA:298,45,0,87
BRDA:299,46,0,83
BRDA:300,47,0,56
BRDA:300,48,0,40
BRDA:301,49,0,30
BRDA:304,50,0,36
BRDA:310,51,0,58
BRDA:305,52,0,33
BRDA:306,53,0,25
BRDA:314,54,0,2
BRDA:316,55,0,1
BRDA:322,56,0,2
BRDA:325,57,0,5
BRDA:333,58,0,2
BRDA:335,59,0,0
BRDA:338,60,0,3
BRDA:341,61,0,1
BRDA:346,62,0,1
BRDA:350,63,0,3
BRDA:353,64,0,2
BRDA:357,65,0,4
BRDA:358,66,0,1
BRDA:358,67,0,3
BRDA:360,68,0,4
BRDA:361,69,0,1
BRDA:363,70,0,3
BRDA:369,71,0,0
BRDA:370,72,0,3
BRDA:373,73,0,2
BRDA:380,74,0,3
BRDA:386,75,0,34
BRDA:388,76,0,17
BRDA:390,77,0,14
BRDA:390,78,0,9
BRDA:390,79,0,8
BRDA:398,80,0,3
BRDA:401,81,0,2
BRDA:406,82,0,3
BRDA:411,83,0,2
BRDA:419,84,0,1
BRDA:408,85,0,3
BRDA:414,86,0,2
BRDA:415,87,0,1
BRDA:422,88,0,65
BRDA:425,89,0,65
BRDA:427,90,0,15
BRDA:428,91,0,12
BRDA:434,92,0,6
BRDA:436,93,0,1
BRDA:441,94,0,1
BRDA:447,95,0,1
BRDA:455,96,0,5
BRDA:455,97,0,1
BRDA:457,98,0,5
BRDA:464,99,0,7
BRDA:469,100,0,3
BRDA:469,101,0,6
BRDA:476,102,0,6
BRDA:477,103,0,1
BRDA:481,104,0,18
BRDA:482,105,0,34
BRDA:483,106,0,14
BRDA:505,107,0,1
BRDA:485,108,0,14
BRDA:486,109,0,13
BRDA:492,110,0,0
BRDA:496,111,0,1
BRDA:510,112,0,2
BRDA:512,113,0,1
BRDA:517,114,0,19
BRDA:518,115,0,10
BRDA:521,116,0,5
BRDA:524,117,0,1
BRDA:530,118,0,1
BRDA:534,119,0,2
BRDA:534,120,0,1
BRDA:541,121,0,5
BRDA:545,122,0,1
BRDA:548,123,0,0
BRDA:554,124,0,9
BRDA:557,125,0,1
BRDA:560,126,0,8
BRDA:561,127,0,3
BRDA:561,128,0,5
BRDA:577,129,0,1
BRDA:581,130,0,1
BRDA:588,131,0,1
BRDA:595,132,0,1
BRDA:598,133,0,161
BRDA:601,134,0,5
BRDA:602,135,0,0
BRDA:611,136,0,69
BRDA:613,137,0,0
BRDA:625,138,0,1
BRDA:639,139,0,11
BRDA:649,140,0,6
BRDA:654,141,0,1
BRDA:658,142,0,4
BRDA:662,143,0,2
BRDA:665,144,0,3
BRDA:671,145,0,73
BRDA:680,146,0,1
BRDA:680,147,0,72
BRDA:675,148,0,3
BRDA:682,149,0,3
BRF:150
BRH:143
end_of_record
